<?xml version="1.0" encoding="UTF-8"?>
<!-- Generated by org.testng.reporters.JUnitReportReporter -->
<testsuite hostname="PrathameshLad" failures="0" tests="1" name="testCases.TestCases" time="28.668" errors="0" timestamp="2025-05-23T11:26:53 IST" skipped="0">
  <testcase classname="testCases.TestCases" name="loginTest2" time="28.668"/>
  <system-out/>
</testsuite> <!-- testCases.TestCases -->
